<?xml version="1.0" encoding="UTF-8"?>
<!-- Generated by org.testng.reporters.JUnitReportReporter -->
<testsuite hostname="DESKTOP-RE2P4SN" failures="0" tests="1" name="com.inetBanking.testCases.TC_LoginTest_001" time="24.344" errors="0" timestamp="4 Apr 2021 02:36:29 GMT" skipped="0">
  <testcase classname="com.inetBanking.testCases.TC_LoginTest_001" name="loginTest" time="24.344"/>
</testsuite> <!-- com.inetBanking.testCases.TC_LoginTest_001 -->
